/usr/sbin/mysqld, Version: 8.0.31-0ubuntu0.22.04.1 ((Ubuntu)). started with:
Tcp port: 3306  Unix socket: /var/run/mysqld/mysqld.sock
Time                 Id Command    Argument
2022-12-13T13:43:12.587671Z	   10 Query	/* ApplicationName=DBeaver 22.3.0 - SQLEditor <Script.sql> */ SELECT DATABASE()
2022-12-13T13:43:27.029307Z	   10 Query	/* ApplicationName=DBeaver 22.3.0 - SQLEditor <Script.sql> */ SELECT  * from management.main_person mp 
LIMIT 0, 200
2022-12-13T13:43:27.253658Z	   10 Query	/* ApplicationName=DBeaver 22.3.0 - SQLEditor <Script.sql> */ SELECT DATABASE()
2022-12-13T13:43:27.833052Z	   10 Query	/* ApplicationName=DBeaver 22.3.0 - SQLEditor <Script.sql> */ SELECT  * from management.main_person mp 
LIMIT 0, 200
2022-12-13T13:43:28.002234Z	   10 Query	/* ApplicationName=DBeaver 22.3.0 - SQLEditor <Script.sql> */ SELECT DATABASE()
2022-12-13T13:43:29.870854Z	   10 Query	/* ApplicationName=DBeaver 22.3.0 - SQLEditor <Script.sql> */ SELECT  * from management.main_person mp 
LIMIT 0, 200
2022-12-13T13:43:30.020704Z	   10 Query	/* ApplicationName=DBeaver 22.3.0 - SQLEditor <Script.sql> */ SELECT DATABASE()
2022-12-13T13:43:30.213158Z	   10 Query	/* ApplicationName=DBeaver 22.3.0 - SQLEditor <Script.sql> */ SELECT  * from management.main_person mp 
LIMIT 0, 200
2022-12-13T13:43:30.366164Z	   10 Query	/* ApplicationName=DBeaver 22.3.0 - SQLEditor <Script.sql> */ SELECT DATABASE()
2022-12-13T13:43:38.574327Z	   10 Query	/* ApplicationName=DBeaver 22.3.0 - SQLEditor <Script.sql> */ SET SQL_SELECT_LIMIT=200
2022-12-13T13:43:39.575410Z	   10 Query	/* ApplicationName=DBeaver 22.3.0 - SQLEditor <Script.sql> */ SET SQL_SELECT_LIMIT=DEFAULT
2022-12-13T13:43:39.577179Z	   10 Query	/* ApplicationName=DBeaver 22.3.0 - SQLEditor <Script.sql> */ SELECT DATABASE()
2022-12-13T13:43:40.123453Z	   10 Query	/* ApplicationName=DBeaver 22.3.0 - SQLEditor <Script.sql> */ SET SQL_SELECT_LIMIT=200
2022-12-13T13:43:40.125582Z	   10 Query	/* ApplicationName=DBeaver 22.3.0 - SQLEditor <Script.sql> */ show variables like "%general%"
2022-12-13T13:43:40.341329Z	   10 Query	/* ApplicationName=DBeaver 22.3.0 - SQLEditor <Script.sql> */ SET SQL_SELECT_LIMIT=DEFAULT
2022-12-13T13:43:40.342978Z	   10 Query	/* ApplicationName=DBeaver 22.3.0 - SQLEditor <Script.sql> */ SELECT DATABASE()
2022-12-13T13:45:28.264978Z	    8 Query	SELECT @@session.transaction_read_only
2022-12-13T13:45:28.266743Z	    8 Query	/* ApplicationName=DBeaver 22.3.0 - Main */ INSERT INTO management.main_person (id,name)
	VALUES (1,'Phuong')
2022-12-13T13:45:28.274555Z	    8 Query	SELECT @@session.transaction_read_only
2022-12-13T13:45:28.276339Z	    8 Query	/* ApplicationName=DBeaver 22.3.0 - Main */ INSERT INTO management.main_person (id,name)
	VALUES (2,'Phuoc')
2022-12-13T13:45:28.325497Z	    8 Query	/* ApplicationName=DBeaver 22.3.0 - Main */ SET net_write_timeout=600
2022-12-13T13:45:28.327231Z	    8 Query	/* ApplicationName=DBeaver 22.3.0 - Main */ SELECT x.* FROM management.main_person x
WHERE id = 1
2022-12-13T13:45:28.329334Z	    8 Query	SET net_write_timeout=60
2022-12-13T13:45:28.331497Z	    8 Query	/* ApplicationName=DBeaver 22.3.0 - Main */ SET net_write_timeout=600
2022-12-13T13:45:28.332952Z	    8 Query	/* ApplicationName=DBeaver 22.3.0 - Main */ SELECT x.* FROM management.main_person x
WHERE id = 2
2022-12-13T13:45:28.334872Z	    8 Query	SET net_write_timeout=60
2022-12-13T13:45:31.703517Z	    9 Query	/* ApplicationName=DBeaver 22.3.0 - Metadata */ SELECT * FROM information_schema.COLUMNS WHERE TABLE_SCHEMA='management' AND TABLE_NAME='main_project' ORDER BY ORDINAL_POSITION
2022-12-13T13:45:31.707854Z	    8 Query	/* ApplicationName=DBeaver 22.3.0 - Main */ SELECT x.* FROM management.main_project x
LIMIT 0, 200
2022-12-13T13:45:31.711217Z	    9 Query	/* ApplicationName=DBeaver 22.3.0 - Metadata */ SELECT * FROM information_schema.STATISTICS WHERE TABLE_SCHEMA='management' AND TABLE_NAME='main_project' ORDER BY TABLE_NAME,INDEX_NAME,SEQ_IN_INDEX
2022-12-13T13:45:31.718236Z	    9 Query	/* ApplicationName=DBeaver 22.3.0 - Metadata */ SELECT kc.CONSTRAINT_NAME,kc.TABLE_NAME,kc.COLUMN_NAME,kc.ORDINAL_POSITION
FROM INFORMATION_SCHEMA.KEY_COLUMN_USAGE kc WHERE kc.TABLE_SCHEMA='management' AND kc.REFERENCED_TABLE_NAME IS NULL AND kc.TABLE_NAME='main_project'
ORDER BY kc.CONSTRAINT_NAME,kc.ORDINAL_POSITION
2022-12-13T13:45:31.723286Z	    9 Query	/* ApplicationName=DBeaver 22.3.0 - Metadata */ SELECT cc.CONSTRAINT_NAME, cc.CHECK_CLAUSE, tc.TABLE_NAME
FROM (SELECT CONSTRAINT_NAME, CHECK_CLAUSE
FROM INFORMATION_SCHEMA.CHECK_CONSTRAINTS
WHERE CONSTRAINT_SCHEMA = 'management'
ORDER BY CONSTRAINT_NAME) cc,
(SELECT TABLE_NAME, CONSTRAINT_NAME
FROM INFORMATION_SCHEMA.TABLE_CONSTRAINTS
WHERE TABLE_SCHEMA = 'management' AND TABLE_NAME='main_project') tc
WHERE cc.CONSTRAINT_NAME = tc.CONSTRAINT_NAME
ORDER BY cc.CONSTRAINT_NAME
2022-12-13T13:45:31.727991Z	    9 Query	/* ApplicationName=DBeaver 22.3.0 - Metadata */ SELECT DISTINCT A.REFERENCED_TABLE_SCHEMA AS PKTABLE_CAT,NULL AS PKTABLE_SCHEM, A.REFERENCED_TABLE_NAME AS PKTABLE_NAME, A.REFERENCED_COLUMN_NAME AS PKCOLUMN_NAME, A.TABLE_SCHEMA AS FKTABLE_CAT, NULL AS FKTABLE_SCHEM, A.TABLE_NAME AS FKTABLE_NAME, A.COLUMN_NAME AS FKCOLUMN_NAME, A.ORDINAL_POSITION AS KEY_SEQ,CASE WHEN R.UPDATE_RULE='CASCADE' THEN 0 WHEN R.UPDATE_RULE='SET NULL' THEN 2 WHEN R.UPDATE_RULE='SET DEFAULT' THEN 4 WHEN R.UPDATE_RULE='RESTRICT' THEN 1 WHEN R.UPDATE_RULE='NO ACTION' THEN 1 ELSE 1 END  AS UPDATE_RULE,CASE WHEN R.DELETE_RULE='CASCADE' THEN 0 WHEN R.DELETE_RULE='SET NULL' THEN 2 WHEN R.DELETE_RULE='SET DEFAULT' THEN 4 WHEN R.DELETE_RULE='RESTRICT' THEN 1 WHEN R.DELETE_RULE='NO ACTION' THEN 1 ELSE 1 END  AS DELETE_RULE, A.CONSTRAINT_NAME AS FK_NAME, R.UNIQUE_CONSTRAINT_NAME AS PK_NAME,7 AS DEFERRABILITY FROM INFORMATION_SCHEMA.KEY_COLUMN_USAGE A JOIN INFORMATION_SCHEMA.TABLE_CONSTRAINTS B USING (CONSTRAINT_NAME, TABLE_NAME) JOIN INFORMATION_SCHEMA.REFERENTIAL_CONSTRAINTS R ON (R.CONSTRAINT_NAME = B.CONSTRAINT_NAME AND R.TABLE_NAME = B.TABLE_NAME AND R.CONSTRAINT_SCHEMA = B.TABLE_SCHEMA) WHERE B.CONSTRAINT_TYPE = 'FOREIGN KEY' AND A.TABLE_SCHEMA = 'management' AND A.TABLE_NAME='main_project' AND A.REFERENCED_TABLE_SCHEMA IS NOT NULL ORDER BY A.REFERENCED_TABLE_SCHEMA, A.REFERENCED_TABLE_NAME, A.ORDINAL_POSITION
2022-12-13T13:45:33.377680Z	    9 Query	/* ApplicationName=DBeaver 22.3.0 - Metadata */ SELECT * FROM information_schema.COLUMNS WHERE TABLE_SCHEMA='management' AND TABLE_NAME='main_task' ORDER BY ORDINAL_POSITION
2022-12-13T13:45:33.382307Z	    8 Query	/* ApplicationName=DBeaver 22.3.0 - Main */ SELECT x.* FROM management.main_task x
LIMIT 0, 200
2022-12-13T13:45:33.388595Z	    9 Query	/* ApplicationName=DBeaver 22.3.0 - Metadata */ SELECT * FROM information_schema.STATISTICS WHERE TABLE_SCHEMA='management' AND TABLE_NAME='main_task' ORDER BY TABLE_NAME,INDEX_NAME,SEQ_IN_INDEX
2022-12-13T13:45:33.403328Z	    9 Query	/* ApplicationName=DBeaver 22.3.0 - Metadata */ SELECT kc.CONSTRAINT_NAME,kc.TABLE_NAME,kc.COLUMN_NAME,kc.ORDINAL_POSITION
FROM INFORMATION_SCHEMA.KEY_COLUMN_USAGE kc WHERE kc.TABLE_SCHEMA='management' AND kc.REFERENCED_TABLE_NAME IS NULL AND kc.TABLE_NAME='main_task'
ORDER BY kc.CONSTRAINT_NAME,kc.ORDINAL_POSITION
2022-12-13T13:45:33.406604Z	    9 Query	/* ApplicationName=DBeaver 22.3.0 - Metadata */ SELECT cc.CONSTRAINT_NAME, cc.CHECK_CLAUSE, tc.TABLE_NAME
FROM (SELECT CONSTRAINT_NAME, CHECK_CLAUSE
FROM INFORMATION_SCHEMA.CHECK_CONSTRAINTS
WHERE CONSTRAINT_SCHEMA = 'management'
ORDER BY CONSTRAINT_NAME) cc,
(SELECT TABLE_NAME, CONSTRAINT_NAME
FROM INFORMATION_SCHEMA.TABLE_CONSTRAINTS
WHERE TABLE_SCHEMA = 'management' AND TABLE_NAME='main_task') tc
WHERE cc.CONSTRAINT_NAME = tc.CONSTRAINT_NAME
ORDER BY cc.CONSTRAINT_NAME
2022-12-13T13:45:33.409905Z	    9 Query	/* ApplicationName=DBeaver 22.3.0 - Metadata */ SELECT DISTINCT A.REFERENCED_TABLE_SCHEMA AS PKTABLE_CAT,NULL AS PKTABLE_SCHEM, A.REFERENCED_TABLE_NAME AS PKTABLE_NAME, A.REFERENCED_COLUMN_NAME AS PKCOLUMN_NAME, A.TABLE_SCHEMA AS FKTABLE_CAT, NULL AS FKTABLE_SCHEM, A.TABLE_NAME AS FKTABLE_NAME, A.COLUMN_NAME AS FKCOLUMN_NAME, A.ORDINAL_POSITION AS KEY_SEQ,CASE WHEN R.UPDATE_RULE='CASCADE' THEN 0 WHEN R.UPDATE_RULE='SET NULL' THEN 2 WHEN R.UPDATE_RULE='SET DEFAULT' THEN 4 WHEN R.UPDATE_RULE='RESTRICT' THEN 1 WHEN R.UPDATE_RULE='NO ACTION' THEN 1 ELSE 1 END  AS UPDATE_RULE,CASE WHEN R.DELETE_RULE='CASCADE' THEN 0 WHEN R.DELETE_RULE='SET NULL' THEN 2 WHEN R.DELETE_RULE='SET DEFAULT' THEN 4 WHEN R.DELETE_RULE='RESTRICT' THEN 1 WHEN R.DELETE_RULE='NO ACTION' THEN 1 ELSE 1 END  AS DELETE_RULE, A.CONSTRAINT_NAME AS FK_NAME, R.UNIQUE_CONSTRAINT_NAME AS PK_NAME,7 AS DEFERRABILITY FROM INFORMATION_SCHEMA.KEY_COLUMN_USAGE A JOIN INFORMATION_SCHEMA.TABLE_CONSTRAINTS B USING (CONSTRAINT_NAME, TABLE_NAME) JOIN INFORMATION_SCHEMA.REFERENTIAL_CONSTRAINTS R ON (R.CONSTRAINT_NAME = B.CONSTRAINT_NAME AND R.TABLE_NAME = B.TABLE_NAME AND R.CONSTRAINT_SCHEMA = B.TABLE_SCHEMA) WHERE B.CONSTRAINT_TYPE = 'FOREIGN KEY' AND A.TABLE_SCHEMA = 'management' AND A.TABLE_NAME='main_task' AND A.REFERENCED_TABLE_SCHEMA IS NOT NULL ORDER BY A.REFERENCED_TABLE_SCHEMA, A.REFERENCED_TABLE_NAME, A.ORDINAL_POSITION
2022-12-13T13:45:33.416325Z	    9 Query	/* ApplicationName=DBeaver 22.3.0 - Metadata */ SELECT * FROM information_schema.COLUMNS WHERE TABLE_SCHEMA='management' AND TABLE_NAME='main_task_category' ORDER BY ORDINAL_POSITION
2022-12-13T13:45:33.419684Z	    9 Query	/* ApplicationName=DBeaver 22.3.0 - Metadata */ SELECT kc.CONSTRAINT_NAME,kc.TABLE_NAME,kc.COLUMN_NAME,kc.ORDINAL_POSITION
FROM INFORMATION_SCHEMA.KEY_COLUMN_USAGE kc WHERE kc.TABLE_SCHEMA='management' AND kc.REFERENCED_TABLE_NAME IS NULL AND kc.TABLE_NAME='main_task_category'
ORDER BY kc.CONSTRAINT_NAME,kc.ORDINAL_POSITION
2022-12-13T13:45:33.422895Z	    9 Query	/* ApplicationName=DBeaver 22.3.0 - Metadata */ SELECT cc.CONSTRAINT_NAME, cc.CHECK_CLAUSE, tc.TABLE_NAME
FROM (SELECT CONSTRAINT_NAME, CHECK_CLAUSE
FROM INFORMATION_SCHEMA.CHECK_CONSTRAINTS
WHERE CONSTRAINT_SCHEMA = 'management'
ORDER BY CONSTRAINT_NAME) cc,
(SELECT TABLE_NAME, CONSTRAINT_NAME
FROM INFORMATION_SCHEMA.TABLE_CONSTRAINTS
WHERE TABLE_SCHEMA = 'management' AND TABLE_NAME='main_task_category') tc
WHERE cc.CONSTRAINT_NAME = tc.CONSTRAINT_NAME
ORDER BY cc.CONSTRAINT_NAME
2022-12-13T13:45:33.426056Z	    9 Query	/* ApplicationName=DBeaver 22.3.0 - Metadata */ SELECT * FROM information_schema.COLUMNS WHERE TABLE_SCHEMA='management' AND TABLE_NAME='main_task_status' ORDER BY ORDINAL_POSITION
2022-12-13T13:45:33.429277Z	    9 Query	/* ApplicationName=DBeaver 22.3.0 - Metadata */ SELECT kc.CONSTRAINT_NAME,kc.TABLE_NAME,kc.COLUMN_NAME,kc.ORDINAL_POSITION
FROM INFORMATION_SCHEMA.KEY_COLUMN_USAGE kc WHERE kc.TABLE_SCHEMA='management' AND kc.REFERENCED_TABLE_NAME IS NULL AND kc.TABLE_NAME='main_task_status'
ORDER BY kc.CONSTRAINT_NAME,kc.ORDINAL_POSITION
2022-12-13T13:45:33.432432Z	    9 Query	/* ApplicationName=DBeaver 22.3.0 - Metadata */ SELECT cc.CONSTRAINT_NAME, cc.CHECK_CLAUSE, tc.TABLE_NAME
FROM (SELECT CONSTRAINT_NAME, CHECK_CLAUSE
FROM INFORMATION_SCHEMA.CHECK_CONSTRAINTS
WHERE CONSTRAINT_SCHEMA = 'management'
ORDER BY CONSTRAINT_NAME) cc,
(SELECT TABLE_NAME, CONSTRAINT_NAME
FROM INFORMATION_SCHEMA.TABLE_CONSTRAINTS
WHERE TABLE_SCHEMA = 'management' AND TABLE_NAME='main_task_status') tc
WHERE cc.CONSTRAINT_NAME = tc.CONSTRAINT_NAME
ORDER BY cc.CONSTRAINT_NAME
2022-12-13T13:45:33.435689Z	    9 Query	/* ApplicationName=DBeaver 22.3.0 - Metadata */ SELECT * FROM information_schema.COLUMNS WHERE TABLE_SCHEMA='management' AND TABLE_NAME='main_task_type' ORDER BY ORDINAL_POSITION
2022-12-13T13:45:33.438920Z	    9 Query	/* ApplicationName=DBeaver 22.3.0 - Metadata */ SELECT kc.CONSTRAINT_NAME,kc.TABLE_NAME,kc.COLUMN_NAME,kc.ORDINAL_POSITION
FROM INFORMATION_SCHEMA.KEY_COLUMN_USAGE kc WHERE kc.TABLE_SCHEMA='management' AND kc.REFERENCED_TABLE_NAME IS NULL AND kc.TABLE_NAME='main_task_type'
ORDER BY kc.CONSTRAINT_NAME,kc.ORDINAL_POSITION
2022-12-13T13:45:33.442369Z	    9 Query	/* ApplicationName=DBeaver 22.3.0 - Metadata */ SELECT cc.CONSTRAINT_NAME, cc.CHECK_CLAUSE, tc.TABLE_NAME
FROM (SELECT CONSTRAINT_NAME, CHECK_CLAUSE
FROM INFORMATION_SCHEMA.CHECK_CONSTRAINTS
WHERE CONSTRAINT_SCHEMA = 'management'
ORDER BY CONSTRAINT_NAME) cc,
(SELECT TABLE_NAME, CONSTRAINT_NAME
FROM INFORMATION_SCHEMA.TABLE_CONSTRAINTS
WHERE TABLE_SCHEMA = 'management' AND TABLE_NAME='main_task_type') tc
WHERE cc.CONSTRAINT_NAME = tc.CONSTRAINT_NAME
ORDER BY cc.CONSTRAINT_NAME
2022-12-13T13:45:35.174796Z	    8 Query	/* ApplicationName=DBeaver 22.3.0 - Main */ SELECT x.* FROM management.main_task_category x
LIMIT 0, 200
2022-12-13T13:45:35.177197Z	    9 Query	/* ApplicationName=DBeaver 22.3.0 - Metadata */ SELECT * FROM information_schema.STATISTICS WHERE TABLE_SCHEMA='management' AND TABLE_NAME='main_task_category' ORDER BY TABLE_NAME,INDEX_NAME,SEQ_IN_INDEX
2022-12-13T13:45:35.184216Z	    9 Query	/* ApplicationName=DBeaver 22.3.0 - Metadata */ SELECT DISTINCT A.REFERENCED_TABLE_SCHEMA AS PKTABLE_CAT,NULL AS PKTABLE_SCHEM, A.REFERENCED_TABLE_NAME AS PKTABLE_NAME, A.REFERENCED_COLUMN_NAME AS PKCOLUMN_NAME, A.TABLE_SCHEMA AS FKTABLE_CAT, NULL AS FKTABLE_SCHEM, A.TABLE_NAME AS FKTABLE_NAME, A.COLUMN_NAME AS FKCOLUMN_NAME, A.ORDINAL_POSITION AS KEY_SEQ,CASE WHEN R.UPDATE_RULE='CASCADE' THEN 0 WHEN R.UPDATE_RULE='SET NULL' THEN 2 WHEN R.UPDATE_RULE='SET DEFAULT' THEN 4 WHEN R.UPDATE_RULE='RESTRICT' THEN 1 WHEN R.UPDATE_RULE='NO ACTION' THEN 1 ELSE 1 END  AS UPDATE_RULE,CASE WHEN R.DELETE_RULE='CASCADE' THEN 0 WHEN R.DELETE_RULE='SET NULL' THEN 2 WHEN R.DELETE_RULE='SET DEFAULT' THEN 4 WHEN R.DELETE_RULE='RESTRICT' THEN 1 WHEN R.DELETE_RULE='NO ACTION' THEN 1 ELSE 1 END  AS DELETE_RULE, A.CONSTRAINT_NAME AS FK_NAME, R.UNIQUE_CONSTRAINT_NAME AS PK_NAME,7 AS DEFERRABILITY FROM INFORMATION_SCHEMA.KEY_COLUMN_USAGE A JOIN INFORMATION_SCHEMA.TABLE_CONSTRAINTS B USING (CONSTRAINT_NAME, TABLE_NAME) JOIN INFORMATION_SCHEMA.REFERENTIAL_CONSTRAINTS R ON (R.CONSTRAINT_NAME = B.CONSTRAINT_NAME AND R.TABLE_NAME = B.TABLE_NAME AND R.CONSTRAINT_SCHEMA = B.TABLE_SCHEMA) WHERE B.CONSTRAINT_TYPE = 'FOREIGN KEY' AND A.TABLE_SCHEMA = 'management' AND A.TABLE_NAME='main_task_category' AND A.REFERENCED_TABLE_SCHEMA IS NOT NULL ORDER BY A.REFERENCED_TABLE_SCHEMA, A.REFERENCED_TABLE_NAME, A.ORDINAL_POSITION
2022-12-13T13:45:36.612018Z	    8 Query	/* ApplicationName=DBeaver 22.3.0 - Main */ SELECT x.* FROM management.main_task_status x
LIMIT 0, 200
2022-12-13T13:45:36.615973Z	    9 Query	/* ApplicationName=DBeaver 22.3.0 - Metadata */ SELECT * FROM information_schema.STATISTICS WHERE TABLE_SCHEMA='management' AND TABLE_NAME='main_task_status' ORDER BY TABLE_NAME,INDEX_NAME,SEQ_IN_INDEX
2022-12-13T13:45:36.622601Z	    9 Query	/* ApplicationName=DBeaver 22.3.0 - Metadata */ SELECT DISTINCT A.REFERENCED_TABLE_SCHEMA AS PKTABLE_CAT,NULL AS PKTABLE_SCHEM, A.REFERENCED_TABLE_NAME AS PKTABLE_NAME, A.REFERENCED_COLUMN_NAME AS PKCOLUMN_NAME, A.TABLE_SCHEMA AS FKTABLE_CAT, NULL AS FKTABLE_SCHEM, A.TABLE_NAME AS FKTABLE_NAME, A.COLUMN_NAME AS FKCOLUMN_NAME, A.ORDINAL_POSITION AS KEY_SEQ,CASE WHEN R.UPDATE_RULE='CASCADE' THEN 0 WHEN R.UPDATE_RULE='SET NULL' THEN 2 WHEN R.UPDATE_RULE='SET DEFAULT' THEN 4 WHEN R.UPDATE_RULE='RESTRICT' THEN 1 WHEN R.UPDATE_RULE='NO ACTION' THEN 1 ELSE 1 END  AS UPDATE_RULE,CASE WHEN R.DELETE_RULE='CASCADE' THEN 0 WHEN R.DELETE_RULE='SET NULL' THEN 2 WHEN R.DELETE_RULE='SET DEFAULT' THEN 4 WHEN R.DELETE_RULE='RESTRICT' THEN 1 WHEN R.DELETE_RULE='NO ACTION' THEN 1 ELSE 1 END  AS DELETE_RULE, A.CONSTRAINT_NAME AS FK_NAME, R.UNIQUE_CONSTRAINT_NAME AS PK_NAME,7 AS DEFERRABILITY FROM INFORMATION_SCHEMA.KEY_COLUMN_USAGE A JOIN INFORMATION_SCHEMA.TABLE_CONSTRAINTS B USING (CONSTRAINT_NAME, TABLE_NAME) JOIN INFORMATION_SCHEMA.REFERENTIAL_CONSTRAINTS R ON (R.CONSTRAINT_NAME = B.CONSTRAINT_NAME AND R.TABLE_NAME = B.TABLE_NAME AND R.CONSTRAINT_SCHEMA = B.TABLE_SCHEMA) WHERE B.CONSTRAINT_TYPE = 'FOREIGN KEY' AND A.TABLE_SCHEMA = 'management' AND A.TABLE_NAME='main_task_status' AND A.REFERENCED_TABLE_SCHEMA IS NOT NULL ORDER BY A.REFERENCED_TABLE_SCHEMA, A.REFERENCED_TABLE_NAME, A.ORDINAL_POSITION
2022-12-13T13:45:38.122053Z	    8 Query	/* ApplicationName=DBeaver 22.3.0 - Main */ SELECT x.* FROM management.main_task_type x
LIMIT 0, 200
2022-12-13T13:45:38.125049Z	    9 Query	/* ApplicationName=DBeaver 22.3.0 - Metadata */ SELECT * FROM information_schema.STATISTICS WHERE TABLE_SCHEMA='management' AND TABLE_NAME='main_task_type' ORDER BY TABLE_NAME,INDEX_NAME,SEQ_IN_INDEX
2022-12-13T13:45:38.130967Z	    9 Query	/* ApplicationName=DBeaver 22.3.0 - Metadata */ SELECT DISTINCT A.REFERENCED_TABLE_SCHEMA AS PKTABLE_CAT,NULL AS PKTABLE_SCHEM, A.REFERENCED_TABLE_NAME AS PKTABLE_NAME, A.REFERENCED_COLUMN_NAME AS PKCOLUMN_NAME, A.TABLE_SCHEMA AS FKTABLE_CAT, NULL AS FKTABLE_SCHEM, A.TABLE_NAME AS FKTABLE_NAME, A.COLUMN_NAME AS FKCOLUMN_NAME, A.ORDINAL_POSITION AS KEY_SEQ,CASE WHEN R.UPDATE_RULE='CASCADE' THEN 0 WHEN R.UPDATE_RULE='SET NULL' THEN 2 WHEN R.UPDATE_RULE='SET DEFAULT' THEN 4 WHEN R.UPDATE_RULE='RESTRICT' THEN 1 WHEN R.UPDATE_RULE='NO ACTION' THEN 1 ELSE 1 END  AS UPDATE_RULE,CASE WHEN R.DELETE_RULE='CASCADE' THEN 0 WHEN R.DELETE_RULE='SET NULL' THEN 2 WHEN R.DELETE_RULE='SET DEFAULT' THEN 4 WHEN R.DELETE_RULE='RESTRICT' THEN 1 WHEN R.DELETE_RULE='NO ACTION' THEN 1 ELSE 1 END  AS DELETE_RULE, A.CONSTRAINT_NAME AS FK_NAME, R.UNIQUE_CONSTRAINT_NAME AS PK_NAME,7 AS DEFERRABILITY FROM INFORMATION_SCHEMA.KEY_COLUMN_USAGE A JOIN INFORMATION_SCHEMA.TABLE_CONSTRAINTS B USING (CONSTRAINT_NAME, TABLE_NAME) JOIN INFORMATION_SCHEMA.REFERENTIAL_CONSTRAINTS R ON (R.CONSTRAINT_NAME = B.CONSTRAINT_NAME AND R.TABLE_NAME = B.TABLE_NAME AND R.CONSTRAINT_SCHEMA = B.TABLE_SCHEMA) WHERE B.CONSTRAINT_TYPE = 'FOREIGN KEY' AND A.TABLE_SCHEMA = 'management' AND A.TABLE_NAME='main_task_type' AND A.REFERENCED_TABLE_SCHEMA IS NOT NULL ORDER BY A.REFERENCED_TABLE_SCHEMA, A.REFERENCED_TABLE_NAME, A.ORDINAL_POSITION
2022-12-13T13:45:53.614015Z	    8 Query	SELECT @@session.transaction_read_only
2022-12-13T13:45:53.616052Z	    8 Query	/* ApplicationName=DBeaver 22.3.0 - Main */ INSERT INTO management.main_task_type (id,`type`)
	VALUES (1,'QA')
2022-12-13T13:45:53.623749Z	    8 Query	SELECT @@session.transaction_read_only
2022-12-13T13:45:53.625877Z	    8 Query	/* ApplicationName=DBeaver 22.3.0 - Main */ INSERT INTO management.main_task_type (id,`type`)
	VALUES (2,'Fix Request')
2022-12-13T13:45:53.753860Z	    8 Query	/* ApplicationName=DBeaver 22.3.0 - Main */ SET net_write_timeout=600
2022-12-13T13:45:53.755921Z	    8 Query	/* ApplicationName=DBeaver 22.3.0 - Main */ SELECT x.* FROM management.main_task_type x
WHERE id = 1
2022-12-13T13:45:53.758534Z	    8 Query	SET net_write_timeout=60
2022-12-13T13:45:53.762416Z	    8 Query	/* ApplicationName=DBeaver 22.3.0 - Main */ SET net_write_timeout=600
2022-12-13T13:45:53.765010Z	    8 Query	/* ApplicationName=DBeaver 22.3.0 - Main */ SELECT x.* FROM management.main_task_type x
WHERE id = 2
2022-12-13T13:45:53.768259Z	    8 Query	SET net_write_timeout=60
