/usr/sbin/mysqld, Version: 8.0.31-0ubuntu0.22.04.1 ((Ubuntu)). started with:
Tcp port: 3306  Unix socket: /var/run/mysqld/mysqld.sock
Time                 Id Command    Argument
2022-12-13T14:05:19.009643Z	   10 Query	/* ApplicationName=DBeaver 22.3.0 - SQLEditor <Script.sql> */ SELECT DATABASE()
2022-12-13T14:05:22.135161Z	   10 Query	/* ApplicationName=DBeaver 22.3.0 - SQLEditor <Script.sql> */ SET SQL_SELECT_LIMIT=200
2022-12-13T14:05:22.136807Z	   10 Query	/* ApplicationName=DBeaver 22.3.0 - SQLEditor <Script.sql> */ show variables like "%general%"
2022-12-13T14:05:22.385838Z	   10 Query	/* ApplicationName=DBeaver 22.3.0 - SQLEditor <Script.sql> */ SET SQL_SELECT_LIMIT=DEFAULT
2022-12-13T14:05:22.387603Z	   10 Query	/* ApplicationName=DBeaver 22.3.0 - SQLEditor <Script.sql> */ SELECT DATABASE()
2022-12-13T14:06:05.154789Z	   10 Query	/* ApplicationName=DBeaver 22.3.0 - SQLEditor <Script.sql> */ SELECT  * from management.main_person mp 
LIMIT 0, 200
2022-12-13T14:06:05.162547Z	    9 Query	/* ApplicationName=DBeaver 22.3.0 - Metadata */ SELECT * FROM information_schema.COLUMNS WHERE TABLE_SCHEMA='management' AND TABLE_NAME='main_person' ORDER BY ORDINAL_POSITION
2022-12-13T14:06:05.166064Z	    9 Query	/* ApplicationName=DBeaver 22.3.0 - Metadata */ SELECT * FROM information_schema.STATISTICS WHERE TABLE_SCHEMA='management' AND TABLE_NAME='main_person' ORDER BY TABLE_NAME,INDEX_NAME,SEQ_IN_INDEX
2022-12-13T14:06:05.169202Z	    9 Query	/* ApplicationName=DBeaver 22.3.0 - Metadata */ SELECT kc.CONSTRAINT_NAME,kc.TABLE_NAME,kc.COLUMN_NAME,kc.ORDINAL_POSITION
FROM INFORMATION_SCHEMA.KEY_COLUMN_USAGE kc WHERE kc.TABLE_SCHEMA='management' AND kc.REFERENCED_TABLE_NAME IS NULL AND kc.TABLE_NAME='main_person'
ORDER BY kc.CONSTRAINT_NAME,kc.ORDINAL_POSITION
2022-12-13T14:06:05.172225Z	    9 Query	/* ApplicationName=DBeaver 22.3.0 - Metadata */ SELECT cc.CONSTRAINT_NAME, cc.CHECK_CLAUSE, tc.TABLE_NAME
FROM (SELECT CONSTRAINT_NAME, CHECK_CLAUSE
FROM INFORMATION_SCHEMA.CHECK_CONSTRAINTS
WHERE CONSTRAINT_SCHEMA = 'management'
ORDER BY CONSTRAINT_NAME) cc,
(SELECT TABLE_NAME, CONSTRAINT_NAME
FROM INFORMATION_SCHEMA.TABLE_CONSTRAINTS
WHERE TABLE_SCHEMA = 'management' AND TABLE_NAME='main_person') tc
WHERE cc.CONSTRAINT_NAME = tc.CONSTRAINT_NAME
ORDER BY cc.CONSTRAINT_NAME
2022-12-13T14:06:05.175268Z	    9 Query	/* ApplicationName=DBeaver 22.3.0 - Metadata */ SELECT DISTINCT A.REFERENCED_TABLE_SCHEMA AS PKTABLE_CAT,NULL AS PKTABLE_SCHEM, A.REFERENCED_TABLE_NAME AS PKTABLE_NAME, A.REFERENCED_COLUMN_NAME AS PKCOLUMN_NAME, A.TABLE_SCHEMA AS FKTABLE_CAT, NULL AS FKTABLE_SCHEM, A.TABLE_NAME AS FKTABLE_NAME, A.COLUMN_NAME AS FKCOLUMN_NAME, A.ORDINAL_POSITION AS KEY_SEQ,CASE WHEN R.UPDATE_RULE='CASCADE' THEN 0 WHEN R.UPDATE_RULE='SET NULL' THEN 2 WHEN R.UPDATE_RULE='SET DEFAULT' THEN 4 WHEN R.UPDATE_RULE='RESTRICT' THEN 1 WHEN R.UPDATE_RULE='NO ACTION' THEN 1 ELSE 1 END  AS UPDATE_RULE,CASE WHEN R.DELETE_RULE='CASCADE' THEN 0 WHEN R.DELETE_RULE='SET NULL' THEN 2 WHEN R.DELETE_RULE='SET DEFAULT' THEN 4 WHEN R.DELETE_RULE='RESTRICT' THEN 1 WHEN R.DELETE_RULE='NO ACTION' THEN 1 ELSE 1 END  AS DELETE_RULE, A.CONSTRAINT_NAME AS FK_NAME, R.UNIQUE_CONSTRAINT_NAME AS PK_NAME,7 AS DEFERRABILITY FROM INFORMATION_SCHEMA.KEY_COLUMN_USAGE A JOIN INFORMATION_SCHEMA.TABLE_CONSTRAINTS B USING (CONSTRAINT_NAME, TABLE_NAME) JOIN INFORMATION_SCHEMA.REFERENTIAL_CONSTRAINTS R ON (R.CONSTRAINT_NAME = B.CONSTRAINT_NAME AND R.TABLE_NAME = B.TABLE_NAME AND R.CONSTRAINT_SCHEMA = B.TABLE_SCHEMA) WHERE B.CONSTRAINT_TYPE = 'FOREIGN KEY' AND A.TABLE_SCHEMA = 'management' AND A.TABLE_NAME='main_person' AND A.REFERENCED_TABLE_SCHEMA IS NOT NULL ORDER BY A.REFERENCED_TABLE_SCHEMA, A.REFERENCED_TABLE_NAME, A.ORDINAL_POSITION
2022-12-13T14:06:05.347688Z	   10 Query	/* ApplicationName=DBeaver 22.3.0 - SQLEditor <Script.sql> */ SELECT DATABASE()
2022-12-13T14:06:09.374481Z	   10 Query	/* ApplicationName=DBeaver 22.3.0 - SQLEditor <Script.sql> */ SET SQL_SELECT_LIMIT=200
2022-12-13T14:06:09.376157Z	   10 Query	/* ApplicationName=DBeaver 22.3.0 - SQLEditor <Script.sql> */ show variables like "%general%"
2022-12-13T14:06:09.550662Z	   10 Query	/* ApplicationName=DBeaver 22.3.0 - SQLEditor <Script.sql> */ SET SQL_SELECT_LIMIT=DEFAULT
2022-12-13T14:06:09.552713Z	   10 Query	/* ApplicationName=DBeaver 22.3.0 - SQLEditor <Script.sql> */ SELECT DATABASE()
